warning: unused import: `silu_poly_approx_narrow`
  --> poulpy-chimera/src/transformer.rs:34:5
   |
34 |     silu_poly_approx_narrow, squared_relu_approx, PolyApprox,
   |     ^^^^^^^^^^^^^^^^^^^^^^^
   |
   = note: `#[warn(unused_imports)]` (part of `#[warn(unused)]`) on by default

warning: unused variable: `before`
   --> poulpy-chimera/src/noise.rs:211:13
    |
211 |         let before = self.variance;
    |             ^^^^^^ help: if this is intentional, prefix it with an underscore: `_before`
    |
    = note: `#[warn(unused_variables)]` (part of `#[warn(unused)]`) on by default

warning: unused variable: `before`
   --> poulpy-chimera/src/noise.rs:223:13
    |
223 |         let before = self.variance;
    |             ^^^^^^ help: if this is intentional, prefix it with an underscore: `_before`

warning: unused variable: `before`
   --> poulpy-chimera/src/noise.rs:234:13
    |
234 |         let before = self.variance;
    |             ^^^^^^ help: if this is intentional, prefix it with an underscore: `_before`

warning: unused variable: `before`
   --> poulpy-chimera/src/noise.rs:245:13
    |
245 |         let before = self.variance;
    |             ^^^^^^ help: if this is intentional, prefix it with an underscore: `_before`

warning: unused variable: `before`
   --> poulpy-chimera/src/noise.rs:256:13
    |
256 |         let before = self.variance;
    |             ^^^^^^ help: if this is intentional, prefix it with an underscore: `_before`

warning: unused variable: `before`
   --> poulpy-chimera/src/noise.rs:267:13
    |
267 |         let before = self.variance;
    |             ^^^^^^ help: if this is intentional, prefix it with an underscore: `_before`

warning: function `mean_scale_params` is never used
   --> poulpy-chimera/src/layernorm.rs:126:4
    |
126 | fn mean_scale_params(base2k: usize, norm_size: usize) -> (i64, usize) {
    |    ^^^^^^^^^^^^^^^^^
    |
    = note: `#[warn(dead_code)]` (part of `#[warn(unused)]`) on by default

warning: `poulpy-chimera` (lib) generated 8 warnings (run `cargo fix --lib -p poulpy-chimera` to apply 7 suggestions)
   Compiling poulpy-chimera v0.1.0 (/home/dev/repo/poulpy-chimera)
    Finished `release` profile [optimized] target(s) in 2.58s
     Running `/home/dev/repo/target/release/examples/smollm2_full_fhe_30layer 29889 30`
=== SmolLM2-135M Full FHE Run ===
token_id=29889, d_model=576, d_ffn=1536, n_heads=9, n_kv_heads=3, n_layers=30
security=80-bit, precision=INT8

[main] Loading model and generating FHE keys...
[inference] Loading tokenizer from "/home/dev/.cache/huggingface/hub/models--HuggingFaceTB--SmolLM2-135M-Instruct/snapshots/main/tokenizer.json"...
[inference] Effective dims: d_model=576, d_ffn=1536, n_heads=9, n_kv_heads=3, d_head=64, layers=30
[inference] Loading embedding table...
[inference] Embedding loaded: vocab_size=49152, d_model=576
[inference] Loading LM head...
[inference] LM head loaded: vocab_size=49152, d_model=576
[inference] Loading final norm...
[inference] Final norm loaded (576 dims)
[inference] Loading 30 transformer layer(s)...
[inference]   Loading layer 0...
[inference]   Loading layer 1...
[inference]   Loading layer 2...
[inference]   Loading layer 3...
[inference]   Loading layer 4...
[inference]   Loading layer 5...
[inference]   Loading layer 6...
[inference]   Loading layer 7...
[inference]   Loading layer 8...
[inference]   Loading layer 9...
[inference]   Loading layer 10...
[inference]   Loading layer 11...
[inference]   Loading layer 12...
[inference]   Loading layer 13...
[inference]   Loading layer 14...
[inference]   Loading layer 15...
[inference]   Loading layer 16...
[inference]   Loading layer 17...
[inference]   Loading layer 18...
[inference]   Loading layer 19...
[inference]   Loading layer 20...
[inference]   Loading layer 21...
[inference]   Loading layer 22...
[inference]   Loading layer 23...
[inference]   Loading layer 24...
[inference]   Loading layer 25...
[inference]   Loading layer 26...
[inference]   Loading layer 27...
[inference]   Loading layer 28...
[inference]   Loading layer 29...
[inference] All layers loaded and truncated
[inference] Generating FHE keys (Bits80 security, N=4096)...
[inference] FHE keys generated
[inference] Generating bootstrap key...
[inference] Bootstrap key prepared
[main] Model loaded and keys generated in 2.7s

[main] Running multi-layer plaintext baseline (30 layers)...
[main] Multi-layer plaintext done in 0.13s: token=117
[main] Multi-layer plaintext top logits: [(117, 1354.0167367602337), (478, 1265.8908102282162), (42734, 1237.5912972525418), (6860, 1178.3308286766844), (390, 1154.741088822012)]

[main] Running 1-layer plaintext baseline (for reference)...
[main] 1-layer plaintext done in 0.08s: token=117

[main] Starting FHE forward pass (this will take a while)...
[profile]   attention d_model=576 n_heads=9 d_head=64 d_kv=192 | qkv=11161ms rope=0ms heads=33ms out_proj=6669ms

thread 'main' (320489) panicked at poulpy-schemes/src/bin_fhe/blind_rotation/lut.rs:271:9:
assertion failed: f.len() <= self.n()
note: run with `RUST_BACKTRACE=1` environment variable to display a backtrace
