   Compiling poulpy-chimera v0.1.0 (/home/dev/repo/poulpy-chimera)
warning: unused import: `silu_poly_approx_narrow`
  --> poulpy-chimera/src/transformer.rs:34:5
   |
34 |     silu_poly_approx_narrow, squared_relu_approx, PolyApprox,
   |     ^^^^^^^^^^^^^^^^^^^^^^^
   |
   = note: `#[warn(unused_imports)]` (part of `#[warn(unused)]`) on by default

warning: unused variable: `before`
   --> poulpy-chimera/src/noise.rs:211:13
    |
211 |         let before = self.variance;
    |             ^^^^^^ help: if this is intentional, prefix it with an underscore: `_before`
    |
    = note: `#[warn(unused_variables)]` (part of `#[warn(unused)]`) on by default

warning: unused variable: `before`
   --> poulpy-chimera/src/noise.rs:223:13
    |
223 |         let before = self.variance;
    |             ^^^^^^ help: if this is intentional, prefix it with an underscore: `_before`

warning: unused variable: `before`
   --> poulpy-chimera/src/noise.rs:234:13
    |
234 |         let before = self.variance;
    |             ^^^^^^ help: if this is intentional, prefix it with an underscore: `_before`

warning: unused variable: `before`
   --> poulpy-chimera/src/noise.rs:245:13
    |
245 |         let before = self.variance;
    |             ^^^^^^ help: if this is intentional, prefix it with an underscore: `_before`

warning: unused variable: `before`
   --> poulpy-chimera/src/noise.rs:256:13
    |
256 |         let before = self.variance;
    |             ^^^^^^ help: if this is intentional, prefix it with an underscore: `_before`

warning: unused variable: `before`
   --> poulpy-chimera/src/noise.rs:267:13
    |
267 |         let before = self.variance;
    |             ^^^^^^ help: if this is intentional, prefix it with an underscore: `_before`

warning: function `mean_scale_params` is never used
   --> poulpy-chimera/src/layernorm.rs:126:4
    |
126 | fn mean_scale_params(base2k: usize, norm_size: usize) -> (i64, usize) {
    |    ^^^^^^^^^^^^^^^^^
    |
    = note: `#[warn(dead_code)]` (part of `#[warn(unused)]`) on by default

warning: `poulpy-chimera` (lib) generated 8 warnings (run `cargo fix --lib -p poulpy-chimera` to apply 7 suggestions)
    Finished `release` profile [optimized] target(s) in 5.35s
     Running `/home/dev/repo/target/release/examples/smollm2_full_fhe_30layer`
=== SmolLM2-135M Full FHE Run ===
token_id=29889, d_model=576, d_ffn=1536, n_heads=9, n_kv_heads=3, n_layers=30
security=80-bit, precision=INT8

[main] Loading model and generating FHE keys...
[inference] Loading tokenizer from "/home/dev/.cache/huggingface/hub/models--HuggingFaceTB--SmolLM2-135M-Instruct/snapshots/main/tokenizer.json"...
[inference] Effective dims: d_model=576, d_ffn=1536, n_heads=9, n_kv_heads=3, d_head=64, layers=30
[inference] Loading embedding table...
[inference] Embedding loaded: vocab_size=49152, d_model=576
[inference] Loading LM head...
[inference] LM head loaded: vocab_size=49152, d_model=576
[inference] Loading final norm...
[inference] Final norm loaded (576 dims)
[inference] Loading 30 transformer layer(s)...
[inference]   Loading layer 0...
[inference]   Loading layer 1...
[inference]   Loading layer 2...
[inference]   Loading layer 3...
[inference]   Loading layer 4...
[inference]   Loading layer 5...
[inference]   Loading layer 6...
[inference]   Loading layer 7...
[inference]   Loading layer 8...
[inference]   Loading layer 9...
[inference]   Loading layer 10...
[inference]   Loading layer 11...
[inference]   Loading layer 12...
[inference]   Loading layer 13...
[inference]   Loading layer 14...
[inference]   Loading layer 15...
[inference]   Loading layer 16...
[inference]   Loading layer 17...
[inference]   Loading layer 18...
[inference]   Loading layer 19...
[inference]   Loading layer 20...
[inference]   Loading layer 21...
[inference]   Loading layer 22...
[inference]   Loading layer 23...
[inference]   Loading layer 24...
[inference]   Loading layer 25...
[inference]   Loading layer 26...
[inference]   Loading layer 27...
[inference]   Loading layer 28...
[inference]   Loading layer 29...
[inference] All layers loaded and truncated
[inference] Generating FHE keys (Bits80 security, N=4096)...
[inference] FHE keys generated
[inference] Generating bootstrap key...
[inference] Bootstrap key prepared
[main] Model loaded and keys generated in 3.4s

[main] Running multi-layer plaintext baseline (30 layers)...
[main] Multi-layer plaintext done in 0.21s: token=117
[main] Multi-layer plaintext top logits: [(117, 1354.0167367602337), (478, 1265.8908102282162), (42734, 1237.5912972525418), (6860, 1178.3308286766844), (390, 1154.741088822012)]

[main] Running 1-layer plaintext baseline (for reference)...
[main] 1-layer plaintext done in 0.08s: token=117

[main] Starting FHE forward pass (this will take a while)...
[profile]   attention d_model=576 n_heads=9 d_head=64 d_kv=192 | qkv=11195ms rope=0ms heads=28ms out_proj=6086ms
[profile]   attention d_model=576 n_heads=9 d_head=64 d_kv=192 | qkv=6641ms rope=0ms heads=17ms out_proj=3753ms
[profile]   attention d_model=576 n_heads=9 d_head=64 d_kv=192 | qkv=6431ms rope=0ms heads=15ms out_proj=3820ms
[profile]   attention d_model=576 n_heads=9 d_head=64 d_kv=192 | qkv=6560ms rope=0ms heads=14ms out_proj=3752ms
[profile]   attention d_model=576 n_heads=9 d_head=64 d_kv=192 | qkv=6662ms rope=0ms heads=13ms out_proj=3821ms
[profile]   attention d_model=576 n_heads=9 d_head=64 d_kv=192 | qkv=6511ms rope=0ms heads=14ms out_proj=3899ms
[profile]   attention d_model=576 n_heads=9 d_head=64 d_kv=192 | qkv=6592ms rope=0ms heads=14ms out_proj=3842ms
[profile]   attention d_model=576 n_heads=9 d_head=64 d_kv=192 | qkv=6487ms rope=0ms heads=15ms out_proj=3770ms
[profile]   attention d_model=576 n_heads=9 d_head=64 d_kv=192 | qkv=6525ms rope=0ms heads=13ms out_proj=3866ms
[profile]   attention d_model=576 n_heads=9 d_head=64 d_kv=192 | qkv=6546ms rope=0ms heads=13ms out_proj=3853ms
[profile]   attention d_model=576 n_heads=9 d_head=64 d_kv=192 | qkv=6414ms rope=0ms heads=14ms out_proj=3769ms
[profile]   attention d_model=576 n_heads=9 d_head=64 d_kv=192 | qkv=6502ms rope=0ms heads=13ms out_proj=3823ms
[profile]   attention d_model=576 n_heads=9 d_head=64 d_kv=192 | qkv=6507ms rope=0ms heads=15ms out_proj=3814ms
[profile]   attention d_model=576 n_heads=9 d_head=64 d_kv=192 | qkv=6471ms rope=0ms heads=15ms out_proj=3731ms
[profile]   attention d_model=576 n_heads=9 d_head=64 d_kv=192 | qkv=6451ms rope=0ms heads=14ms out_proj=3829ms
[profile]   attention d_model=576 n_heads=9 d_head=64 d_kv=192 | qkv=6368ms rope=0ms heads=13ms out_proj=3786ms
[profile]   attention d_model=576 n_heads=9 d_head=64 d_kv=192 | qkv=6704ms rope=0ms heads=14ms out_proj=3842ms
[profile]   attention d_model=576 n_heads=9 d_head=64 d_kv=192 | qkv=6497ms rope=0ms heads=14ms out_proj=3819ms
[profile]   attention d_model=576 n_heads=9 d_head=64 d_kv=192 | qkv=6513ms rope=0ms heads=16ms out_proj=3712ms
[profile]   attention d_model=576 n_heads=9 d_head=64 d_kv=192 | qkv=6571ms rope=0ms heads=17ms out_proj=3782ms
[profile]   attention d_model=576 n_heads=9 d_head=64 d_kv=192 | qkv=6583ms rope=0ms heads=17ms out_proj=3765ms
[profile]   attention d_model=576 n_heads=9 d_head=64 d_kv=192 | qkv=6445ms rope=0ms heads=13ms out_proj=3613ms
[profile]   attention d_model=576 n_heads=9 d_head=64 d_kv=192 | qkv=6489ms rope=0ms heads=18ms out_proj=3844ms
[profile]   attention d_model=576 n_heads=9 d_head=64 d_kv=192 | qkv=6499ms rope=0ms heads=15ms out_proj=3747ms
[profile]   attention d_model=576 n_heads=9 d_head=64 d_kv=192 | qkv=6505ms rope=0ms heads=14ms out_proj=3687ms
[profile]   attention d_model=576 n_heads=9 d_head=64 d_kv=192 | qkv=6602ms rope=0ms heads=18ms out_proj=3698ms
[profile]   attention d_model=576 n_heads=9 d_head=64 d_kv=192 | qkv=6531ms rope=0ms heads=14ms out_proj=3742ms
[profile]   attention d_model=576 n_heads=9 d_head=64 d_kv=192 | qkv=6428ms rope=0ms heads=14ms out_proj=3745ms
[profile]   attention d_model=576 n_heads=9 d_head=64 d_kv=192 | qkv=6498ms rope=0ms heads=14ms out_proj=3747ms
[profile]   attention d_model=576 n_heads=9 d_head=64 d_kv=192 | qkv=6586ms rope=0ms heads=13ms out_proj=3793ms

=== RESULTS ===

Multi-layer plaintext (30L): token=117 (time=0.21s)
Multi-layer plaintext top logits: [(117, 1354.0167367602337), (478, 1265.8908102282162), (42734, 1237.5912972525418), (6860, 1178.3308286766844), (390, 1154.741088822012)]

1-layer plaintext (ref):           token=117 (time=0.08s)

FHE (30L):                 token=48236 " torchvision" (fhe_time=12516.6s, total=12517.3s)
FHE top logits: [(48236, 1525), (35755, 1284), (24166, 1215), (29530, 1210), (24023, 1209)]

Hidden state error (FHE vs multi-layer plaintext):
  L-inf=8.985  L2=2.639  MAE=2.093

TOKEN MATCH (FHE vs 30L plaintext): NO

SUMMARY: d_model=576 n_layers=30 security=80bit token_id=29889 plain_ml_token=117 plain_1l_token=117 fhe_token=48236 match_ml=false fhe_time=12516.6s linf=8.985 l2=2.639 mae=2.093
